<?xml version="1.0" encoding="UTF-8"?>
<coverage generated="1580287228444" clover="3.2.0">
  <project timestamp="1580287228444" name="All files">
    <metrics statements="31" coveredstatements="27" conditionals="4" coveredconditionals="2" methods="7" coveredmethods="4" elements="42" coveredelements="33" complexity="0" loc="31" ncloc="31" packages="4" files="9" classes="9"/>
    <package name="angular.src">
      <metrics statements="4" coveredstatements="2" conditionals="2" coveredconditionals="1" methods="1" coveredmethods="0"/>
      <file name="main.ts" path="/Users/florianpascouau/Workspace/cypress-angular-nestjs-code-coverage-fullstack/angular/src/main.ts">
        <metrics statements="4" coveredstatements="2" conditionals="2" coveredconditionals="1" methods="1" coveredmethods="0"/>
        <line num="7" count="1" type="cond" truecount="1" falsecount="1"/>
        <line num="8" count="0" type="stmt"/>
        <line num="11" count="1" type="stmt"/>
        <line num="12" count="0" type="stmt"/>
      </file>
    </package>
    <package name="angular.src.app">
      <metrics statements="5" coveredstatements="5" conditionals="0" coveredconditionals="0" methods="1" coveredmethods="1"/>
      <file name="app-routing.module.ts" path="/Users/florianpascouau/Workspace/cypress-angular-nestjs-code-coverage-fullstack/angular/src/app/app-routing.module.ts">
        <metrics statements="2" coveredstatements="2" conditionals="0" coveredconditionals="0" methods="0" coveredmethods="0"/>
        <line num="5" count="1" type="stmt"/>
        <line num="11" count="1" type="stmt"/>
      </file>
      <file name="app.component.ts" path="/Users/florianpascouau/Workspace/cypress-angular-nestjs-code-coverage-fullstack/angular/src/app/app.component.ts">
        <metrics statements="2" coveredstatements="2" conditionals="0" coveredconditionals="0" methods="1" coveredmethods="1"/>
        <line num="8" count="1" type="stmt"/>
        <line num="9" count="1" type="stmt"/>
      </file>
      <file name="app.module.ts" path="/Users/florianpascouau/Workspace/cypress-angular-nestjs-code-coverage-fullstack/angular/src/app/app.module.ts">
        <metrics statements="1" coveredstatements="1" conditionals="0" coveredconditionals="0" methods="0" coveredmethods="0"/>
        <line num="18" count="1" type="stmt"/>
      </file>
    </package>
    <package name="angular.src.environments">
      <metrics statements="1" coveredstatements="1" conditionals="0" coveredconditionals="0" methods="0" coveredmethods="0"/>
      <file name="environment.ts" path="/Users/florianpascouau/Workspace/cypress-angular-nestjs-code-coverage-fullstack/angular/src/environments/environment.ts">
        <metrics statements="1" coveredstatements="1" conditionals="0" coveredconditionals="0" methods="0" coveredmethods="0"/>
        <line num="5" count="1" type="stmt"/>
      </file>
    </package>
    <package name="nestjs.src">
      <metrics statements="21" coveredstatements="19" conditionals="2" coveredconditionals="1" methods="5" coveredmethods="3"/>
      <file name="app.controller.ts" path="/Users/florianpascouau/Workspace/cypress-angular-nestjs-code-coverage-fullstack/nestjs/src/app.controller.ts">
        <metrics statements="9" coveredstatements="8" conditionals="2" coveredconditionals="1" methods="3" coveredmethods="2"/>
        <line num="1" count="1" type="stmt"/>
        <line num="2" count="1" type="stmt"/>
        <line num="5" count="1" type="stmt"/>
        <line num="6" count="1" type="stmt"/>
        <line num="9" count="1" type="stmt"/>
        <line num="10" count="0" type="stmt"/>
        <line num="14" count="1" type="stmt"/>
        <line num="15" count="1" type="cond" truecount="1" falsecount="1"/>
        <line num="16" count="1" type="stmt"/>
      </file>
      <file name="app.module.ts" path="/Users/florianpascouau/Workspace/cypress-angular-nestjs-code-coverage-fullstack/nestjs/src/app.module.ts">
        <metrics statements="4" coveredstatements="4" conditionals="0" coveredconditionals="0" methods="0" coveredmethods="0"/>
        <line num="1" count="1" type="stmt"/>
        <line num="2" count="1" type="stmt"/>
        <line num="3" count="1" type="stmt"/>
        <line num="10" count="1" type="stmt"/>
      </file>
      <file name="app.service.ts" path="/Users/florianpascouau/Workspace/cypress-angular-nestjs-code-coverage-fullstack/nestjs/src/app.service.ts">
        <metrics statements="3" coveredstatements="2" conditionals="0" coveredconditionals="0" methods="1" coveredmethods="0"/>
        <line num="1" count="1" type="stmt"/>
        <line num="4" count="1" type="stmt"/>
        <line num="6" count="0" type="stmt"/>
      </file>
      <file name="main.ts" path="/Users/florianpascouau/Workspace/cypress-angular-nestjs-code-coverage-fullstack/nestjs/src/main.ts">
        <metrics statements="5" coveredstatements="5" conditionals="0" coveredconditionals="0" methods="1" coveredmethods="1"/>
        <line num="1" count="1" type="stmt"/>
        <line num="2" count="1" type="stmt"/>
        <line num="5" count="1" type="stmt"/>
        <line num="6" count="1" type="stmt"/>
        <line num="8" count="1" type="stmt"/>
      </file>
    </package>
  </project>
</coverage>
